[2019-09-11 10:08:08.081] [exthost] [info] extension host started
[2019-09-11 10:08:08.135] [exthost] [info] ExtensionService#_doActivateExtension vscode.typescript-language-features {"startup":false,"activationEvent":"onLanguage:javascript"}
[2019-09-11 10:08:08.135] [exthost] [info] ExtensionService#loadCommonJSModule file:///usr/share/code/resources/app/extensions/typescript-language-features/dist/extension
[2019-09-11 10:08:08.479] [exthost] [info] ExtensionService#_doActivateExtension vscode.debug-auto-launch {"startup":true,"activationEvent":"*"}
[2019-09-11 10:08:08.479] [exthost] [info] ExtensionService#loadCommonJSModule file:///usr/share/code/resources/app/extensions/debug-auto-launch/dist/extension
[2019-09-11 10:08:08.493] [exthost] [info] ExtensionService#_doActivateExtension vscode.emmet {"startup":true,"activationEvent":"*"}
[2019-09-11 10:08:08.499] [exthost] [info] ExtensionService#loadCommonJSModule file:///usr/share/code/resources/app/extensions/emmet/dist/extension
[2019-09-11 10:08:08.648] [exthost] [info] ExtensionService#_doActivateExtension vscode.git {"startup":true,"activationEvent":"*"}
[2019-09-11 10:08:08.649] [exthost] [info] ExtensionService#loadCommonJSModule file:///usr/share/code/resources/app/extensions/git/dist/main
[2019-09-11 10:08:08.944] [exthost] [info] ExtensionService#_doActivateExtension vscode.merge-conflict {"startup":true,"activationEvent":"*"}
[2019-09-11 10:08:08.944] [exthost] [info] ExtensionService#loadCommonJSModule file:///usr/share/code/resources/app/extensions/merge-conflict/dist/extension
[2019-09-11 10:08:08.951] [exthost] [info] ExtensionService#_doActivateExtension alefragnani.project-manager {"startup":true,"activationEvent":"*"}
[2019-09-11 10:08:08.951] [exthost] [info] ExtensionService#loadCommonJSModule file:///root/.vscode/extensions/alefragnani.project-manager-10.7.0/dist/extension
[2019-09-11 10:08:08.981] [exthost] [info] ExtensionService#_doActivateExtension naumovs.color-highlight {"startup":true,"activationEvent":"*"}
[2019-09-11 10:08:08.981] [exthost] [info] ExtensionService#loadCommonJSModule file:///root/.vscode/extensions/naumovs.color-highlight-2.3.0/dist/extension
[2019-09-11 10:08:09.040] [exthost] [info] ExtensionService#_doActivateExtension vscode.npm {"startup":true,"activationEvent":"workspaceContains:package.json"}
[2019-09-11 10:08:09.041] [exthost] [info] ExtensionService#loadCommonJSModule file:///usr/share/code/resources/app/extensions/npm/dist/main
[2019-09-11 10:08:09.312] [exthost] [info] eager extensions activated
[2019-09-11 14:32:00.615] [exthost] [info] ExtensionService#_doActivateExtension vscode.extension-editing {"startup":false,"activationEvent":"onLanguage:typescript"}
[2019-09-11 14:32:00.615] [exthost] [info] ExtensionService#loadCommonJSModule file:///usr/share/code/resources/app/extensions/extension-editing/dist/extension
[2019-09-11 14:36:40.946] [exthost] [info] ExtensionService#_doActivateExtension vscode.configuration-editing {"startup":false,"activationEvent":"onLanguage:json"}
[2019-09-11 14:36:40.947] [exthost] [info] ExtensionService#loadCommonJSModule file:///usr/share/code/resources/app/extensions/configuration-editing/dist/extension
[2019-09-11 14:36:40.957] [exthost] [info] ExtensionService#_doActivateExtension vscode.json-language-features {"startup":false,"activationEvent":"onLanguage:json"}
[2019-09-11 14:36:40.957] [exthost] [info] ExtensionService#loadCommonJSModule file:///usr/share/code/resources/app/extensions/json-language-features/client/dist/jsonMain
